[16:02:39] [Render thread/INFO] [JMLogger] JourneyMap log initialized.
[16:02:39] [Render thread/INFO] [JourneymapClient] initialize ENTER
[16:02:39] [Render thread/INFO] [ClientAPI] [ClientAPI] built with JourneyMap API 1.8-SNAPSHOT
[16:02:39] [Render thread/INFO] [PluginHelper] Initializing plugins with Client API: journeymap.client.api.impl.ClientAPI
[16:02:39] [Render thread/INFO] [PluginHelper] Initialized IClientPlugin: net.blay09.mods.waystones.compat.JourneyMapAddon
[16:02:40] [Render thread/WARN] [PropertiesBase] core (Initialized) Bad configField entry during updateFrom(): optionsManagerViewed=null
[16:02:41] [Render thread/WARN] [PropertiesBase] core (Initialized) Bad configField entry during updateFrom(): splashViewed=null
[16:02:41] [Render thread/INFO] [?] Version: JourneyMap 1.18.2-5.8.5, built with forge 1.18.2-40.1.0
forge: 40.1.68
Environment: os.name, os.arch, java.version, user.country, user.language=null, game language=en_us, locale=en_us
Features: 
	RadarPlayers : singleplayer = true , multiplayer = true
	RadarAnimals : singleplayer = true , multiplayer = true
	RadarMobs : singleplayer = true , multiplayer = true
	RadarVillagers : singleplayer = true , multiplayer = true
	MapTopo : singleplayer = true , multiplayer = true
	MapSurface : singleplayer = true , multiplayer = true
	MapCaves : singleplayer = true , multiplayer = true
	MapBiome : singleplayer = true , multiplayer = true
MiniMapProperties{state=Valid, file=journeymap.minimap.config, configVersion=5.8.5, zoomLevel=0, compassFontScale=1.0, terrainAlpha=100, showEntityNames=true, positionX=0.9, positionY=0.25, effectVertical=false, showPlayerHeading=true, sizePercent=30, playerDisplayScale=1.0, showDayNight=true, showPets=true, preferredMapType=day, showCompass=true, mobDisplay=jm.common.entity_display.dots, systemTimeRealFormat=HH:mm:ss, shape=jm.minimap.shape_circle, showSelf=true, selfDisplayScale=1.0, showGrid=true, reticleOrientation=jm.minimap.orientation.compass, gameTimeRealFormat=HH:mm:ss, effectTranslateX=-90, showWaypoints=true, minimapKeyMovementSpeed=0.001, showAnimals=true, infoSlotAlpha=0.7, effectTranslateY=0, showWaypointLabels=true, moveEffectIcons=true, position=jm.minimap.position_topright, fontScale=1.0, showPlayers=true, waypointIconScale=1.0, frameAlpha=100, effectReversed=false, backgroundAlpha=0.8, enabled=true, showVillagers=true, info2Label=jm.theme.labelsource.gametime, info3Label=jm.theme.labelsource.location, showMobs=true, waypointLabelScale=1.0, showReticle=true, orientation=jm.minimap.orientation.north, info4Label=jm.theme.labelsource.biome, locationFormat=xzyv, playerDisplay=jm.common.entity_display.dots, mobDisplayScale=1.0, showCaves=true, showMobHeading=true, locationFormatVerbose=true, info1Label=jm.theme.labelsource.blank}
MiniMapProperties{state=Valid, file=journeymap.minimap2.config, configVersion=5.8.5, zoomLevel=0, compassFontScale=1.0, terrainAlpha=100, showEntityNames=true, positionX=0.9, positionY=0.25, effectVertical=false, showPlayerHeading=true, sizePercent=30, playerDisplayScale=1.0, showDayNight=true, showPets=true, preferredMapType=day, showCompass=true, mobDisplay=jm.common.entity_display.dots, systemTimeRealFormat=HH:mm:ss, shape=jm.minimap.shape_rectangle, showSelf=true, selfDisplayScale=1.0, showGrid=true, reticleOrientation=jm.minimap.orientation.compass, gameTimeRealFormat=HH:mm:ss, effectTranslateX=0, showWaypoints=true, minimapKeyMovementSpeed=0.001, showAnimals=true, infoSlotAlpha=0.7, effectTranslateY=0, showWaypointLabels=true, moveEffectIcons=true, position=jm.minimap.position_topright, fontScale=1.0, showPlayers=true, waypointIconScale=1.0, frameAlpha=100, effectReversed=false, backgroundAlpha=0.8, enabled=true, showVillagers=true, info2Label=jm.theme.labelsource.gametime, info3Label=jm.theme.labelsource.location, showMobs=true, waypointLabelScale=1.0, showReticle=true, orientation=jm.minimap.orientation.north, info4Label=jm.theme.labelsource.biome, locationFormat=xzyv, playerDisplay=jm.common.entity_display.dots, mobDisplayScale=1.0, showCaves=true, showMobHeading=true, locationFormatVerbose=true, info1Label=jm.theme.labelsource.blank}
FullMapProperties{state=Valid, file=journeymap.fullmap.config, configVersion=5.8.5, zoomLevel=0, showPlayers=true, waypointIconScale=1.0, showEntityNames=true, showPlayerHeading=true, showVillagers=true, showPlayerLoc=true, showKeys=true, playerDisplayScale=1.0, showMobs=true, showPets=true, waypointLabelScale=1.0, preferredMapType=day, mobDisplay=jm.common.entity_display.dots, showSelf=true, locationFormat=xzyv, playerDisplay=jm.common.entity_display.dots, mobDisplayScale=1.0, selfDisplayScale=1.0, showGrid=true, showMouseLoc=true, showWaypoints=true, showCaves=true, showAnimals=true, dragScale=1, showMobHeading=true, showWaypointLabels=true, locationFormatVerbose=true, fontScale=1.0}
WaypointProperties{state=Valid, file=journeymap.waypoint.config, configVersion=5.8.5, autoRemoveDeathpointDistance=2, dateFormat=MM-dd-yyyy, autoRemoveDeathpoints=false, fullscreenDoubleClickToCreate=true, managerDimensionFocus=false, minDistance=4, boldLabel=false, textureSmall=true, showDeathpointlabel=true, beaconEnabled=true, createDeathpoints=true, showName=true, disableStrikeThrough=false, maxDistance=0, autoHideLabel=true, autoRemoveTempWaypoints=2, teleportCommand=/tp {name} {x} {y} {z}, showStaticBeam=true, shaderBeacon=false, timeFormat=HH:mm:ss, showDeviationLabel=false, showDistance=true, showRotatingBeam=true, fontScale=2.0, showTexture=true, managerEnabled=true}
WebMapProperties{state=Valid, file=journeymap.webmap.config, configVersion=5.8.5, port=8080, enabled=false}
CoreProperties{state=Valid, file=journeymap.core.config, configVersion=5.8.5, verboseColorPalette=false, maxPlayersData=32, mapSurfaceAboveCaves=true, dataCachingEnabled=true, optionsManagerViewed=null, announceMod=true, colorPassive=#bbbbbb, mapBlendWater=false, renderDistanceSurfaceMax=0, seedId=false, radarVerticalDistance=16, mapBlendGrass=true, recordCacheStats=false, hideSneakingEntities=true, revealShape=jm.minimap.shape_circle, mapBiome=true, alwaysMapSurface=false, colorVillager=#88e188, mapPlants=false, colorPet=#0077ff, radarLateralDistance=64, mapBathymetry=false, mapCrops=true, maxMobsData=32, mapPlantShadows=false, alwaysMapCaves=false, checkUpdates=true, mapBlendFoliage=true, hideSpectators=false, mappingEnabled=true, colorPlayer=#ffffff, tileHighDisplayQuality=true, cacheVillagersData=2200, logLevel=INFO, maxVillagersData=32, mapWaterBiomeColors=false, maxAnimalsData=32, mapTransparency=true, tileRenderType=1, caveIgnoreGlass=true, mapTopography=true, renderDistanceCaveMax=0, mapAntialiasing=true, colorSelf=#0000ff, cachePlayersData=2000, cacheMobsData=3000, cachePlayerData=1000, splashViewed=null, colorHostile=#ff0000, cacheAnimalsData=3100, themeName=OceanMonument, mapCaveLighting=true, renderDelay=2, glErrorChecking=false, autoMapPoll=2000}
[16:02:42] [Render thread/INFO] [JourneymapClient] initialize EXIT, elapsed count 1 avg 2391.54ms
[16:03:49] [Render thread/INFO] [JourneymapClient] Journeymap PostInit
[16:03:49] [Render thread/ERROR] [FileHandler] Couldn't locate icons for flat: C:\Users\gamep\curseforge\minecraft\Instances\Simply%20Immersive\mods\journeymap-1.18.2-5.8.5-forge.jar\assets\journeymap\theme\flat
[16:03:49] [Render thread/INFO] [ThemeLoader] Preloaded theme textures: 0
[16:03:49] [Render thread/INFO] [JourneymapClient] postInitialize EXIT, elapsed count 1 avg 38.36ms
[16:04:55] [Server thread/INFO] [ForgeConfig] Loading JourneyMap Forge Configs
[16:04:55] [Thread-0/INFO] [ForgeConfig] Loading JourneyMap Forge Configs
[16:04:55] [Thread-0/INFO] [ForgeConfig] Loading JourneyMap Forge Configs
[16:05:28] [Render thread/WARN] [PropertiesBase] core (Initialized) Bad configField entry during updateFrom(): optionsManagerViewed=null
[16:05:28] [Render thread/WARN] [PropertiesBase] core (Initialized) Bad configField entry during updateFrom(): splashViewed=null
[16:05:29] [Render thread/INFO] [WaypointStore] Loaded 0 waypoints from C:\Users\gamep\curseforge\minecraft\Instances\Simply Immersive\journeymap\data\sp\New World\waypoints
[16:05:29] [Render thread/INFO] [JourneymapClient] Mapping started in C:\Users\gamep\curseforge\minecraft\Instances\Simply Immersive\journeymap\data\sp\New World\overworld. Memory: 6512MB total, 3657MB free 
[16:05:29] [Render thread/INFO] [ChatLog] 
[16:19:29] [JM-task-4/WARN] [SurfaceRenderer] Error rendering surface: 
journeymap.client.model.ChunkMD$ChunkMissingException: Chunk missing: [6, 11]
	at journeymap.client.model.ChunkMD.getChunk(ChunkMD.java:375) ~[journeymap-1.18.2-5.8.5-forge.jar%2384!/:1.18.2-5.8.5]
	at journeymap.client.model.ChunkMD.getBiome(ChunkMD.java:147) ~[journeymap-1.18.2-5.8.5-forge.jar%2384!/:1.18.2-5.8.5]
	at journeymap.client.cartography.render.SurfaceRenderer.renderSurface(SurfaceRenderer.java:224) [journeymap-1.18.2-5.8.5-forge.jar%2384!/:1.18.2-5.8.5]
	at journeymap.client.cartography.render.SurfaceRenderer.render(SurfaceRenderer.java:125) [journeymap-1.18.2-5.8.5-forge.jar%2384!/:1.18.2-5.8.5]
	at journeymap.client.cartography.render.SurfaceRenderer.render(SurfaceRenderer.java:95) [journeymap-1.18.2-5.8.5-forge.jar%2384!/:1.18.2-5.8.5]
	at journeymap.client.cartography.ChunkRenderController.renderChunk(ChunkRenderController.java:155) [journeymap-1.18.2-5.8.5-forge.jar%2384!/:1.18.2-5.8.5]
	at journeymap.client.task.multi.BaseMapTask.performTask(BaseMapTask.java:125) [journeymap-1.18.2-5.8.5-forge.jar%2384!/:1.18.2-5.8.5]
	at journeymap.client.task.multi.TaskBatch.performTask(TaskBatch.java:72) [journeymap-1.18.2-5.8.5-forge.jar%2384!/:1.18.2-5.8.5]
	at journeymap.client.task.multi.MapPlayerTask$MapPlayerTaskBatch.performTask(MapPlayerTask.java:424) [journeymap-1.18.2-5.8.5-forge.jar%2384!/:1.18.2-5.8.5]
	at journeymap.client.thread.RunnableTask$Inner.run(RunnableTask.java:77) [journeymap-1.18.2-5.8.5-forge.jar%2384!/:1.18.2-5.8.5]
	at java.util.concurrent.Executors$RunnableAdapter.call(Executors.java:539) [?:?]
	at java.util.concurrent.FutureTask.run(FutureTask.java:264) [?:?]
	at java.util.concurrent.ScheduledThreadPoolExecutor$ScheduledFutureTask.run(ScheduledThreadPoolExecutor.java:304) [?:?]
	at java.util.concurrent.ThreadPoolExecutor.runWorker(ThreadPoolExecutor.java:1136) [?:?]
	at java.util.concurrent.ThreadPoolExecutor$Worker.run(ThreadPoolExecutor.java:635) [?:?]
	at java.lang.Thread.run(Thread.java:833) [?:?]
[16:19:40] [JM-task-4/WARN] [TopoRenderer] Error in renderSurface: journeymap.client.model.ChunkMD$ChunkMissingException: Chunk missing: [8, 13]
	at TRANSFORMER/journeymap@5.8.5/journeymap.client.model.ChunkMD.getChunk(ChunkMD.java:375)
	at TRANSFORMER/journeymap@5.8.5/journeymap.client.model.ChunkMD.getBiome(ChunkMD.java:147)
	at TRANSFORMER/journeymap@5.8.5/journeymap.client.cartography.render.TopoRenderer.renderSurface(TopoRenderer.java:192)
	at TRANSFORMER/journeymap@5.8.5/journeymap.client.cartography.render.TopoRenderer.render(TopoRenderer.java:141)
	at TRANSFORMER/journeymap@5.8.5/journeymap.client.cartography.ChunkRenderController.renderChunk(ChunkRenderController.java:134)
	at TRANSFORMER/journeymap@5.8.5/journeymap.client.task.multi.BaseMapTask.performTask(BaseMapTask.java:125)
	at TRANSFORMER/journeymap@5.8.5/journeymap.client.task.multi.TaskBatch.performTask(TaskBatch.java:72)
	at TRANSFORMER/journeymap@5.8.5/journeymap.client.task.multi.MapPlayerTask$MapPlayerTaskBatch.performTask(MapPlayerTask.java:424)
	at TRANSFORMER/journeymap@5.8.5/journeymap.client.thread.RunnableTask$Inner.run(RunnableTask.java:77)
	at java.base/java.util.concurrent.Executors$RunnableAdapter.call(Executors.java:539)
	at java.base/java.util.concurrent.FutureTask.run(FutureTask.java:264)
	at java.base/java.util.concurrent.ScheduledThreadPoolExecutor$ScheduledFutureTask.run(ScheduledThreadPoolExecutor.java:304)
	at java.base/java.util.concurrent.ThreadPoolExecutor.runWorker(ThreadPoolExecutor.java:1136)
	at java.base/java.util.concurrent.ThreadPoolExecutor$Worker.run(ThreadPoolExecutor.java:635)
	at java.base/java.lang.Thread.run(Thread.java:833)

[16:53:19] [Render thread/INFO] [JourneymapClient] Mapping halted in C:\Users\gamep\curseforge\minecraft\Instances\Simply Immersive\journeymap\data\mp\offline\minecraft:overworld
